s:\kpu\4-2\game software enginnering\practice\simplegame\simplegame\x64\debug\simplegame.pch
s:\kpu\4-2\game software enginnering\practice\simplegame\simplegame\x64\debug\vc141.pdb
s:\kpu\4-2\game software enginnering\practice\simplegame\simplegame\x64\debug\vc141.idb
s:\kpu\4-2\game software enginnering\practice\simplegame\simplegame\x64\debug\stdafx.obj
s:\kpu\4-2\game software enginnering\practice\simplegame\simplegame\x64\debug\cfactory.obj
s:\kpu\4-2\game software enginnering\practice\simplegame\simplegame\x64\debug\cobject.obj
s:\kpu\4-2\game software enginnering\practice\simplegame\simplegame\x64\debug\cscenemgr.obj
s:\kpu\4-2\game software enginnering\practice\simplegame\simplegame\x64\debug\renderer.obj
s:\kpu\4-2\game software enginnering\practice\simplegame\simplegame\x64\debug\simplegame.obj
s:\kpu\4-2\game software enginnering\practice\simplegame\simplegame\x64\debug\loadpng.obj
s:\kpu\4-2\game software enginnering\practice\simplegame\simplegame\x64\debug\cimagemgr.obj
s:\kpu\4-2\game software enginnering\practice\simplegame\x64\debug\simplegame.pdb
s:\kpu\4-2\game software enginnering\practice\simplegame\simplegame\x64\debug\simplegame.tlog\cl.command.1.tlog
s:\kpu\4-2\game software enginnering\practice\simplegame\simplegame\x64\debug\simplegame.tlog\cl.read.1.tlog
s:\kpu\4-2\game software enginnering\practice\simplegame\simplegame\x64\debug\simplegame.tlog\cl.write.1.tlog
s:\kpu\4-2\game software enginnering\practice\simplegame\simplegame\x64\debug\simplegame.tlog\link.16740-cvtres.read.1.tlog
s:\kpu\4-2\game software enginnering\practice\simplegame\simplegame\x64\debug\simplegame.tlog\link.16740-cvtres.write.1.tlog
s:\kpu\4-2\game software enginnering\practice\simplegame\simplegame\x64\debug\simplegame.tlog\link.16740-rc.read.1.tlog
s:\kpu\4-2\game software enginnering\practice\simplegame\simplegame\x64\debug\simplegame.tlog\link.16740-rc.write.1.tlog
s:\kpu\4-2\game software enginnering\practice\simplegame\simplegame\x64\debug\simplegame.tlog\link.16740.read.1.tlog
s:\kpu\4-2\game software enginnering\practice\simplegame\simplegame\x64\debug\simplegame.tlog\link.16740.write.1.tlog
s:\kpu\4-2\game software enginnering\practice\simplegame\simplegame\x64\debug\simplegame.tlog\link.command.1.tlog
s:\kpu\4-2\game software enginnering\practice\simplegame\simplegame\x64\debug\simplegame.tlog\link.read.1.tlog
s:\kpu\4-2\game software enginnering\practice\simplegame\simplegame\x64\debug\simplegame.tlog\link.write.1.tlog
